<?xml version="1.0" encoding="UTF-8"?>
<!-- Generated by org.testng.reporters.JUnitXMLReporter -->
<testsuite ignored="0" hostname="DESKTOP-77NMEU4" failures="1" tests="1" name="Default test" time="9.011" errors="0" timestamp="2024-12-02T11:50:44 IST">
  <testcase classname="io.cucumber.testng.AbstractTestNGCucumberTests" name="runScenario" time="8.687">
    <failure type="java.lang.AssertionError" message="expected [null] but found [Tomato]">
      <![CDATA[java.lang.AssertionError: expected [null] but found [Tomato]
at org.testng.Assert.fail(Assert.java:111)
at org.testng.Assert.failNotEquals(Assert.java:1578)
at org.testng.Assert.assertEqualsImpl(Assert.java:150)
at org.testng.Assert.assertEquals(Assert.java:132)
at org.testng.Assert.assertEquals(Assert.java:656)
at org.testng.Assert.assertEquals(Assert.java:666)
at stepDefinitions.GreenKartStepDefinition1.validate_product_name_in_Offers_page(GreenKartStepDefinition1.java:73)
at âœ½.validate product name in offers page matches with Landing Page(file:///C:/Users/Admin/Desktop/eclipse-workspace1/cucumberFrameworkStandaloneTest/src/test/java/features/searchProduct1.feature:8)
]]>
    </failure>
  </testcase> <!-- runScenario -->
</testsuite> <!-- Default test -->
